Arguments: 
  /home/generel/.nvm/versions/node/v16.14.2/bin/node /home/generel/.nvm/versions/node/v16.14.2/bin/yarn i

PATH: 
  /home/generel/.nvm/versions/node/v16.14.2/bin:/home/generel/.local/bin:/usr/local/sbin:/usr/local/bin:/usr/bin:/opt/cuda/bin:/opt/cuda/nsight_compute:/opt/cuda/nsight_systems/bin:/usr/lib/jvm/default/bin:/usr/bin/site_perl:/usr/bin/vendor_perl:/usr/bin/core_perl:/var/lib/snapd/snap/bin

Yarn version: 
  1.22.18

Node version: 
  16.14.2

Platform: 
  linux x64

Trace: 
  SyntaxError: /home/generel/Documents/vscode/javascript/mineflayer-plugins/utilplugin/package.json: Unexpected token / in JSON at position 668
      at JSON.parse (<anonymous>)
      at /home/generel/.nvm/versions/node/v16.14.2/lib/node_modules/yarn/lib/cli.js:1625:59
      at Generator.next (<anonymous>)
      at step (/home/generel/.nvm/versions/node/v16.14.2/lib/node_modules/yarn/lib/cli.js:310:30)
      at /home/generel/.nvm/versions/node/v16.14.2/lib/node_modules/yarn/lib/cli.js:321:13

npm manifest: 
  {
      "name": "@nxg-org/mineflayer-util-plugin",
      "version": "1.4.0",
      "description": "mineflayer utils for NextGEN mineflayer plugins.",
      "keywords": [
          "mineflayer",
          "mineflayer-util"
      ],
      "repository": {
          "type": "git",
          "url": "git+https://github.com/nxg-org/mineflayer-util-plugin.git"
      },
      "license": "GPL-3.0",
      "author": "generel_schwerz",
      "main": "lib/index.js",
      "types": "lib/index.d.ts",
      "scripts": {
          "build": "npx tsc",
          "prepublish": "npm run build",
          "test": "node --trace-warnings lib/example.js"
      },
      "dependencies": {
          "mineflayer": "^4.4.0",
          // "mineflayer-pathfinder": "^2.3.3",
          "vec3": "^0.1.7"
      },
      "devDependencies": {
         
          "@types/node": "^17.0.4",
          "typescript": "^4.5.2"
      }
  }

yarn manifest: 
  No manifest

Lockfile: 
  No lockfile
